<?xml version="1.0" encoding="UTF-8"?>
<!-- Generated by org.testng.reporters.JUnitXMLReporter -->
<testsuite hostname="DESKTOP-6AT53SA" ignored="0" name="Test" tests="4" failures="1" timestamp="12 Feb 2020 18:39:33 GMT" time="79.616" errors="0">
  <testcase name="loginFailure" time="0.0" classname="tests.LoginTest">
    <failure type="org.testng.TestNGException" message="
Method public void tests.LoginTest.loginFailure(java.lang.String,java.lang.String) requires a @DataProvider named : getDataFromexcell">
      <![CDATA[org.testng.TestNGException: 
Method public void tests.LoginTest.loginFailure(java.lang.String,java.lang.String) requires a @DataProvider named : getDataFromexcell
... Removed 26 stack frames]]>
    </failure>
  </testcase> <!-- loginFailure -->
  <testcase name="enterForgotPass" time="4.376" classname="tests.ForgotPasswordTest"/>
  <testcase name="loginSucceed" time="5.858" classname="tests.SaveAccountData"/>
  <testcase name="saveAcounData" time="7.225" classname="tests.SaveAccountData"/>
</testsuite> <!-- Test -->
