<?xml version="1.0" encoding="UTF-8"?>
<testng-results skipped="0" failed="1" ignored="0" total="4" passed="3">
  <reporter-output>
  </reporter-output>
  <suite name="Suite" duration-ms="79616" started-at="2020-02-12T18:38:13Z" finished-at="2020-02-12T18:39:33Z">
    <groups>
    </groups>
    <test name="Test" duration-ms="79616" started-at="2020-02-12T18:38:13Z" finished-at="2020-02-12T18:39:33Z">
      <class name="tests.LoginTest">
        <test-method status="PASS" signature="setup(org.testng.ITestContext)[pri:0, instance:tests.LoginTest@238b521e]" name="setup" is-config="true" duration-ms="15598" started-at="2020-02-12T18:38:13Z" finished-at="2020-02-12T18:38:29Z">
          <params>
            <param index="0">
              <value>
                <![CDATA[org.testng.TestRunner@102c18e]]>
              </value>
            </param>
          </params>
          <reporter-output>
          </reporter-output>
        </test-method> <!-- setup -->
        <test-method status="FAIL" signature="loginFailure(java.lang.String, java.lang.String)[pri:0, instance:tests.LoginTest@238b521e]" name="loginFailure" duration-ms="0" started-at="2020-02-12T18:38:29Z" data-provider="getDataFromexcell" finished-at="2020-02-12T18:38:29Z">
          <exception class="org.testng.TestNGException">
            <message>
              <![CDATA[
Method public void tests.LoginTest.loginFailure(java.lang.String,java.lang.String) requires a @DataProvider named : getDataFromexcell]]>
            </message>
            <full-stacktrace>
              <![CDATA[org.testng.TestNGException: 
Method public void tests.LoginTest.loginFailure(java.lang.String,java.lang.String) requires a @DataProvider named : getDataFromexcell
at org.testng.internal.Parameters.findDataProvider(Parameters.java:513)
at org.testng.internal.Parameters.handleParameters(Parameters.java:691)
at org.testng.internal.ParameterHandler.handleParameters(ParameterHandler.java:49)
at org.testng.internal.ParameterHandler.createParameters(ParameterHandler.java:37)
at org.testng.internal.Invoker.invokeTestMethods(Invoker.java:924)
at org.testng.internal.TestMethodWorker.invokeTestMethods(TestMethodWorker.java:125)
at org.testng.internal.TestMethodWorker.run(TestMethodWorker.java:109)
at org.testng.TestRunner.privateRun(TestRunner.java:648)
at org.testng.TestRunner.run(TestRunner.java:505)
at org.testng.SuiteRunner.runTest(SuiteRunner.java:455)
at org.testng.SuiteRunner.runSequentially(SuiteRunner.java:450)
at org.testng.SuiteRunner.privateRun(SuiteRunner.java:415)
at org.testng.SuiteRunner.run(SuiteRunner.java:364)
at org.testng.SuiteRunnerWorker.runSuite(SuiteRunnerWorker.java:52)
at org.testng.SuiteRunnerWorker.run(SuiteRunnerWorker.java:84)
at org.testng.TestNG.runSuitesSequentially(TestNG.java:1208)
at org.testng.TestNG.runSuitesLocally(TestNG.java:1137)
at org.testng.TestNG.runSuites(TestNG.java:1049)
at org.testng.TestNG.run(TestNG.java:1017)
at org.apache.maven.surefire.testng.TestNGExecutor.run(TestNGExecutor.java:283)
at org.apache.maven.surefire.testng.TestNGXmlTestSuite.execute(TestNGXmlTestSuite.java:75)
at org.apache.maven.surefire.testng.TestNGProvider.invoke(TestNGProvider.java:120)
at org.apache.maven.surefire.booter.ForkedBooter.runSuitesInProcess(ForkedBooter.java:377)
at org.apache.maven.surefire.booter.ForkedBooter.execute(ForkedBooter.java:138)
at org.apache.maven.surefire.booter.ForkedBooter.run(ForkedBooter.java:465)
at org.apache.maven.surefire.booter.ForkedBooter.main(ForkedBooter.java:451)
]]>
            </full-stacktrace>
          </exception> <!-- org.testng.TestNGException -->
          <reporter-output>
          </reporter-output>
        </test-method> <!-- loginFailure -->
        <test-method status="PASS" signature="teardown()[pri:0, instance:tests.LoginTest@238b521e]" name="teardown" is-config="true" duration-ms="1337" started-at="2020-02-12T18:38:32Z" finished-at="2020-02-12T18:38:33Z">
          <reporter-output>
          </reporter-output>
        </test-method> <!-- teardown -->
      </class> <!-- tests.LoginTest -->
      <class name="tests.SaveAccountData">
        <test-method status="PASS" signature="setup(org.testng.ITestContext)[pri:0, instance:tests.SaveAccountData@3e2fc448]" name="setup" is-config="true" duration-ms="14304" started-at="2020-02-12T18:39:04Z" finished-at="2020-02-12T18:39:18Z">
          <params>
            <param index="0">
              <value>
                <![CDATA[org.testng.TestRunner@102c18e]]>
              </value>
            </param>
          </params>
          <reporter-output>
          </reporter-output>
        </test-method> <!-- setup -->
        <test-method status="PASS" signature="loginSucceed()[pri:0, instance:tests.SaveAccountData@3e2fc448]" name="loginSucceed" duration-ms="5858" started-at="2020-02-12T18:39:18Z" finished-at="2020-02-12T18:39:24Z">
          <reporter-output>
          </reporter-output>
        </test-method> <!-- loginSucceed -->
        <test-method status="PASS" signature="saveAcounData()[pri:0, instance:tests.SaveAccountData@3e2fc448]" name="saveAcounData" duration-ms="7225" started-at="2020-02-12T18:39:24Z" finished-at="2020-02-12T18:39:32Z">
          <reporter-output>
          </reporter-output>
        </test-method> <!-- saveAcounData -->
        <test-method status="PASS" signature="teardown()[pri:0, instance:tests.SaveAccountData@3e2fc448]" name="teardown" is-config="true" duration-ms="1234" started-at="2020-02-12T18:39:32Z" finished-at="2020-02-12T18:39:33Z">
          <reporter-output>
          </reporter-output>
        </test-method> <!-- teardown -->
      </class> <!-- tests.SaveAccountData -->
      <class name="tests.ForgotPasswordTest">
        <test-method status="PASS" signature="setup(org.testng.ITestContext)[pri:0, instance:tests.ForgotPasswordTest@1b39fd82]" name="setup" is-config="true" duration-ms="24955" started-at="2020-02-12T18:38:33Z" finished-at="2020-02-12T18:38:58Z">
          <params>
            <param index="0">
              <value>
                <![CDATA[org.testng.TestRunner@102c18e]]>
              </value>
            </param>
          </params>
          <reporter-output>
          </reporter-output>
        </test-method> <!-- setup -->
        <test-method status="PASS" signature="enterForgotPass()[pri:0, instance:tests.ForgotPasswordTest@1b39fd82]" name="enterForgotPass" duration-ms="4376" started-at="2020-02-12T18:38:58Z" finished-at="2020-02-12T18:39:03Z">
          <reporter-output>
          </reporter-output>
        </test-method> <!-- enterForgotPass -->
        <test-method status="PASS" signature="teardown()[pri:0, instance:tests.ForgotPasswordTest@1b39fd82]" name="teardown" is-config="true" duration-ms="1254" started-at="2020-02-12T18:39:03Z" finished-at="2020-02-12T18:39:04Z">
          <reporter-output>
          </reporter-output>
        </test-method> <!-- teardown -->
      </class> <!-- tests.ForgotPasswordTest -->
    </test> <!-- Test -->
  </suite> <!-- Suite -->
</testng-results>
