-------------------------------------------------------------------------------
Test set: TestSuite
-------------------------------------------------------------------------------
Tests run: 4, Failures: 1, Errors: 0, Skipped: 0, Time elapsed: 84.32 s <<< FAILURE! - in TestSuite
tests.LoginTest.loginFailure  Time elapsed: 22.701 s  <<< FAILURE!
org.testng.TestNGException: 

Method public void tests.LoginTest.loginFailure(java.lang.String,java.lang.String) requires a @DataProvider named : getDataFromexcell

